2022-02-19 16:01:06,676:INFO:PyCaret Supervised Module
2022-02-19 16:01:06,678:INFO:ML Usecase: classification
2022-02-19 16:01:06,680:INFO:version 2.3.6
2022-02-19 16:01:06,682:INFO:Initializing setup()
2022-02-19 16:01:06,683:INFO:setup(target=Target, ml_usecase=classification, available_plots={'parameter': 'Hyperparameters', 'auc': 'AUC', 'confusion_matrix': 'Confusion Matrix', 'threshold': 'Threshold', 'pr': 'Precision Recall', 'error': 'Prediction Error', 'class_report': 'Class Report', 'rfe': 'Feature Selection', 'learning': 'Learning Curve', 'manifold': 'Manifold Learning', 'calibration': 'Calibration Curve', 'vc': 'Validation Curve', 'dimension': 'Dimensions', 'feature': 'Feature Importance', 'feature_all': 'Feature Importance (All)', 'boundary': 'Decision Boundary', 'lift': 'Lift Chart', 'gain': 'Gain Chart', 'tree': 'Decision Tree', 'ks': 'KS Statistic Plot'}, train_size=0.7, test_data=None, preprocess=True, imputation_type=simple, iterative_imputation_iters=5, categorical_features=None, categorical_imputation=constant, categorical_iterative_imputer=lightgbm, ordinal_features=None, high_cardinality_features=None, high_cardinality_method=frequency, numeric_features=None, numeric_imputation=mean, numeric_iterative_imputer=lightgbm, date_features=None, ignore_features=None, normalize=False, normalize_method=zscore, transformation=False, transformation_method=yeo-johnson, handle_unknown_categorical=True, unknown_categorical_method=least_frequent, pca=False, pca_method=linear, pca_components=None, ignore_low_variance=False, combine_rare_levels=False, rare_level_threshold=0.1, bin_numeric_features=None, remove_outliers=False, outliers_threshold=0.05, remove_multicollinearity=False, multicollinearity_threshold=0.9, remove_perfect_collinearity=True, create_clusters=False, cluster_iter=20, polynomial_features=False, polynomial_degree=2, trigonometry_features=False, polynomial_threshold=0.1, group_features=None, group_names=None, feature_selection=False, feature_selection_threshold=0.8, feature_selection_method=classic, feature_interaction=False, feature_ratio=False, interaction_threshold=0.01, fix_imbalance=False, fix_imbalance_method=None, transform_target=False, transform_target_method=box-cox, data_split_shuffle=True, data_split_stratify=False, fold_strategy=stratifiedkfold, fold=10, fold_shuffle=False, fold_groups=None, n_jobs=-1, use_gpu=False, custom_pipeline=None, html=True, session_id=None, log_experiment=False, experiment_name=None, log_plots=False, log_profile=False, log_data=False, silent=False, verbose=True, profile=False, profile_kwargs=None, display=None)
2022-02-19 16:01:06,685:INFO:Checking environment
2022-02-19 16:01:06,687:INFO:python_version: 3.8.10
2022-02-19 16:01:06,688:INFO:python_build: ('default', 'Nov 26 2021 20:14:08')
2022-02-19 16:01:06,688:INFO:machine: x86_64
2022-02-19 16:01:06,704:INFO:platform: Linux-5.13.0-1029-oem-x86_64-with-glibc2.29
2022-02-19 16:01:06,705:INFO:Memory: svmem(total=16111845376, available=5175771136, percent=67.9, used=10339319808, free=1105063936, active=2878955520, inactive=10806878208, buffers=508424192, cached=4159037440, shared=259203072, slab=459276288)
2022-02-19 16:01:06,706:INFO:Physical Core: 6
2022-02-19 16:01:06,707:INFO:Logical Core: 12
2022-02-19 16:01:06,707:INFO:Checking libraries
2022-02-19 16:01:06,708:INFO:pd==1.2.2
2022-02-19 16:01:06,709:INFO:numpy==1.19.5
2022-02-19 16:01:06,709:INFO:sklearn==0.24.2
2022-02-19 16:01:06,875:INFO:Initializing compare_models()
2022-02-19 16:01:06,877:INFO:compare_models(include=None, fold=None, round=4, cross_validation=True, sort=Accuracy, n_select=1, budget_time=None, turbo=True, errors=ignore, fit_kwargs=None, groups=None, probability_threshold=None, verbose=True, display=None, exclude=None)
2022-02-19 16:01:06,878:INFO:Checking exceptions
2022-02-19 16:25:06,716:INFO:PyCaret Supervised Module
2022-02-19 16:25:06,717:INFO:ML Usecase: classification
2022-02-19 16:25:06,718:INFO:version 2.3.6
2022-02-19 16:25:06,719:INFO:Initializing setup()
2022-02-19 16:25:06,721:INFO:setup(target=Target, ml_usecase=classification, available_plots={'parameter': 'Hyperparameters', 'auc': 'AUC', 'confusion_matrix': 'Confusion Matrix', 'threshold': 'Threshold', 'pr': 'Precision Recall', 'error': 'Prediction Error', 'class_report': 'Class Report', 'rfe': 'Feature Selection', 'learning': 'Learning Curve', 'manifold': 'Manifold Learning', 'calibration': 'Calibration Curve', 'vc': 'Validation Curve', 'dimension': 'Dimensions', 'feature': 'Feature Importance', 'feature_all': 'Feature Importance (All)', 'boundary': 'Decision Boundary', 'lift': 'Lift Chart', 'gain': 'Gain Chart', 'tree': 'Decision Tree', 'ks': 'KS Statistic Plot'}, train_size=0.7, test_data=None, preprocess=True, imputation_type=simple, iterative_imputation_iters=5, categorical_features=None, categorical_imputation=constant, categorical_iterative_imputer=lightgbm, ordinal_features=None, high_cardinality_features=None, high_cardinality_method=frequency, numeric_features=None, numeric_imputation=mean, numeric_iterative_imputer=lightgbm, date_features=None, ignore_features=None, normalize=False, normalize_method=zscore, transformation=False, transformation_method=yeo-johnson, handle_unknown_categorical=True, unknown_categorical_method=least_frequent, pca=False, pca_method=linear, pca_components=None, ignore_low_variance=False, combine_rare_levels=False, rare_level_threshold=0.1, bin_numeric_features=None, remove_outliers=False, outliers_threshold=0.05, remove_multicollinearity=False, multicollinearity_threshold=0.9, remove_perfect_collinearity=True, create_clusters=False, cluster_iter=20, polynomial_features=False, polynomial_degree=2, trigonometry_features=False, polynomial_threshold=0.1, group_features=None, group_names=None, feature_selection=False, feature_selection_threshold=0.8, feature_selection_method=classic, feature_interaction=False, feature_ratio=False, interaction_threshold=0.01, fix_imbalance=False, fix_imbalance_method=None, transform_target=False, transform_target_method=box-cox, data_split_shuffle=True, data_split_stratify=False, fold_strategy=stratifiedkfold, fold=10, fold_shuffle=False, fold_groups=None, n_jobs=-1, use_gpu=False, custom_pipeline=None, html=True, session_id=None, log_experiment=False, experiment_name=None, log_plots=False, log_profile=False, log_data=False, silent=False, verbose=True, profile=False, profile_kwargs=None, display=None)
2022-02-19 16:25:06,723:INFO:Checking environment
2022-02-19 16:25:06,724:INFO:python_version: 3.8.10
2022-02-19 16:25:06,725:INFO:python_build: ('default', 'Nov 26 2021 20:14:08')
2022-02-19 16:25:06,726:INFO:machine: x86_64
2022-02-19 16:25:06,738:INFO:platform: Linux-5.13.0-1029-oem-x86_64-with-glibc2.29
2022-02-19 16:25:06,739:INFO:Memory: svmem(total=16111845376, available=5082513408, percent=68.5, used=10455683072, free=2580713472, active=2005565440, inactive=10238210048, buffers=444190720, cached=2631258112, shared=234225664, slab=423464960)
2022-02-19 16:25:06,741:INFO:Physical Core: 6
2022-02-19 16:25:06,742:INFO:Logical Core: 12
2022-02-19 16:25:06,743:INFO:Checking libraries
2022-02-19 16:25:06,744:INFO:pd==1.2.2
2022-02-19 16:25:06,745:INFO:numpy==1.19.5
2022-02-19 16:25:06,746:INFO:sklearn==0.23.2
2022-02-19 16:25:06,747:INFO:lightgbm==3.3.2
2022-02-19 16:25:06,748:WARNING:catboost not found
2022-02-19 16:25:06,781:INFO:xgboost==1.4.2
2022-02-19 16:25:07,056:INFO:mlflow==1.23.1
2022-02-19 16:25:07,057:INFO:Checking Exceptions
2022-02-19 16:25:07,058:INFO:Declaring global variables
2022-02-19 16:25:07,059:INFO:USI: ad70
2022-02-19 16:25:07,060:INFO:pycaret_globals: {'create_model_container', 'imputation_classifier', 'fix_imbalance_param', 'X_train', 'fold_param', 'master_model_container', '_all_models', '_ml_usecase', 'display_container', 'X_test', 'fix_imbalance_method_param', '_gpu_n_jobs_param', '_internal_pipeline', 'USI', 'html_param', 'X', 'n_jobs_param', '_all_models_internal', 'pycaret_globals', 'fold_groups_param', 'imputation_regressor', 'iterative_imputation_iters_param', 'y_test', 'gpu_param', 'y', 'exp_name_log', 'log_plots_param', 'y_train', '_available_plots', 'fold_shuffle_param', 'fold_generator', 'logging_param', 'experiment__', 'seed', 'fold_groups_param_full', 'data_before_preprocess', '_all_metrics', 'prep_pipe', 'transform_target_param', 'stratify_param', 'transform_target_method_param', 'target_param'}
2022-02-19 16:25:07,060:INFO:Preparing display monitor
2022-02-19 16:25:07,061:INFO:Preparing display monitor
2022-02-19 16:25:07,079:INFO:Importing libraries
2022-02-19 16:25:07,081:INFO:Copying data for preprocessing
2022-02-19 16:25:07,088:INFO:Declaring preprocessing parameters
2022-02-19 16:25:07,090:INFO:Creating preprocessing pipeline
2022-02-19 16:25:07,109:INFO:Preprocessing pipeline created successfully
2022-02-19 16:25:07,110:ERROR:(Process Exit): setup has been interupted with user command 'quit'. setup must rerun.
2022-02-19 16:25:07,110:INFO:Creating global containers
2022-02-19 16:25:07,113:INFO:Internal pipeline: Pipeline(memory=None, steps=[('empty_step', 'passthrough')], verbose=False)
